<?xml version="1.0" encoding="UTF-8"?>
<!-- Generated by org.testng.reporters.JUnitXMLReporter -->
<testsuite ignored="0" hostname="DESKTOP-E3O54S5" failures="3" tests="11" name="Oleksii&#039;s tests" time="128.357" errors="0" timestamp="2023-03-31T15:07:46 EEST">
  <testcase classname="Tests.HotlineCatalogTest" name="Catalog" time="12.631">
    <failure type="org.openqa.selenium.ElementNotInteractableException" message="element not interactable: [object HTMLLIElement] has no size and location
  (Session info: chrome=111.0.5563.147)
Build info: version: &amp;apos;4.8.1&amp;apos;, revision: &amp;apos;8ebccac989&amp;apos;
System info: os.name: &amp;apos;Windows 10&amp;apos;, os.arch: &amp;apos;amd64&amp;apos;, os.version: &amp;apos;10.0&amp;apos;, java.version: &amp;apos;19.0.2&amp;apos;
Driver info: org.openqa.selenium.chrome.ChromeDriver
Command: [6359fff692dfef73f22b0c69486683c8, actions {actions=[org.openqa.selenium.interactions.Sequence@367b22e5]}]
Capabilities {acceptInsecureCerts: false, browserName: chrome, browserVersion: 111.0.5563.147, chrome: {chromedriverVersion: 111.0.5563.64 (c710e93d5b63..., userDataDir: C:\Users\HP\AppData\Local\T...}, goog:chromeOptions: {debuggerAddress: localhost:63247}, networkConnectionEnabled: false, pageLoadStrategy: normal, platformName: WINDOWS, proxy: Proxy(), se:cdp: ws://localhost:63247/devtoo..., se:cdpVersion: 111.0.5563.147, setWindowRect: true, strictFileInteractability: false, timeouts: {implicit: 0, pageLoad: 300000, script: 30000}, unhandledPromptBehavior: dismiss and notify, webauthn:extension:credBlob: true, webauthn:extension:largeBlob: true, webauthn:extension:minPinLength: true, webauthn:extension:prf: true, webauthn:virtualAuthenticators: true}
Session ID: 6359fff692dfef73f22b0c69486683c8">
      <![CDATA[org.openqa.selenium.ElementNotInteractableException: element not interactable: [object HTMLLIElement] has no size and location
  (Session info: chrome=111.0.5563.147)
Build info: version: '4.8.1', revision: '8ebccac989'
System info: os.name: 'Windows 10', os.arch: 'amd64', os.version: '10.0', java.version: '19.0.2'
Driver info: org.openqa.selenium.chrome.ChromeDriver
Command: [6359fff692dfef73f22b0c69486683c8, actions {actions=[org.openqa.selenium.interactions.Sequence@367b22e5]}]
Capabilities {acceptInsecureCerts: false, browserName: chrome, browserVersion: 111.0.5563.147, chrome: {chromedriverVersion: 111.0.5563.64 (c710e93d5b63..., userDataDir: C:\Users\HP\AppData\Local\T...}, goog:chromeOptions: {debuggerAddress: localhost:63247}, networkConnectionEnabled: false, pageLoadStrategy: normal, platformName: WINDOWS, proxy: Proxy(), se:cdp: ws://localhost:63247/devtoo..., se:cdpVersion: 111.0.5563.147, setWindowRect: true, strictFileInteractability: false, timeouts: {implicit: 0, pageLoad: 300000, script: 30000}, unhandledPromptBehavior: dismiss and notify, webauthn:extension:credBlob: true, webauthn:extension:largeBlob: true, webauthn:extension:minPinLength: true, webauthn:extension:prf: true, webauthn:virtualAuthenticators: true}
Session ID: 6359fff692dfef73f22b0c69486683c8
at org.openqa.selenium.remote.codec.w3c.W3CHttpResponseCodec.createException(W3CHttpResponseCodec.java:200)
at org.openqa.selenium.remote.codec.w3c.W3CHttpResponseCodec.decode(W3CHttpResponseCodec.java:133)
at org.openqa.selenium.remote.codec.w3c.W3CHttpResponseCodec.decode(W3CHttpResponseCodec.java:53)
at org.openqa.selenium.remote.HttpCommandExecutor.execute(HttpCommandExecutor.java:184)
at org.openqa.selenium.remote.service.DriverCommandExecutor.invokeExecute(DriverCommandExecutor.java:167)
at org.openqa.selenium.remote.service.DriverCommandExecutor.execute(DriverCommandExecutor.java:142)
at org.openqa.selenium.remote.RemoteWebDriver.execute(RemoteWebDriver.java:543)
at org.openqa.selenium.remote.RemoteWebDriver.perform(RemoteWebDriver.java:611)
at org.openqa.selenium.interactions.Actions$BuiltAction.perform(Actions.java:567)
at org.openqa.selenium.interactions.Actions.perform(Actions.java:536)
at PageObjects.HotlineHomepage.showAllElements(HotlineHomepage.java:33)
at Tests.HotlineCatalogTest.Catalog(HotlineCatalogTest.java:17)
at java.base/java.util.ArrayList.forEach(ArrayList.java:1511)
... Removed 32 stack frames]]>
    </failure>
  </testcase> <!-- Catalog -->
  <testcase classname="Tests.HotlineCityChangingTest" name="CityChanging" time="8.732"/>
  <testcase classname="Tests.HotlineFinanceTabTest" name="BrowserTabs" time="21.648"/>
  <testcase classname="Tests.HotlineFooterLogoTest" name="BottomLogo" time="11.179"/>
  <testcase classname="Tests.HotlineHeaderLogoTest" name="HeaderLogo" time="11.687"/>
  <testcase classname="Tests.HotlineLoginTest" name="Login" time="3.788"/>
  <testcase classname="Tests.HotlineLoginTest" name="Login" time="4.675"/>
  <testcase classname="Tests.HotlineLoginTest" name="Login" time="3.562"/>
  <testcase classname="Tests.PopularForYouBlockTest" name="Popular" time="13.533">
    <failure type="org.openqa.selenium.StaleElementReferenceException" message="stale element reference: element is not attached to the page document
  (Session info: chrome=111.0.5563.147)
For documentation on this error, please visit: https://selenium.dev/exceptions/#stale_element_reference
Build info: version: &amp;apos;4.8.1&amp;apos;, revision: &amp;apos;8ebccac989&amp;apos;
System info: os.name: &amp;apos;Windows 10&amp;apos;, os.arch: &amp;apos;amd64&amp;apos;, os.version: &amp;apos;10.0&amp;apos;, java.version: &amp;apos;19.0.2&amp;apos;
Driver info: org.openqa.selenium.chrome.ChromeDriver
Command: [1f2f5eb2e91c90f10a2f13379b05501a, actions {actions=[org.openqa.selenium.interactions.Sequence@1084ac45]}]
Capabilities {acceptInsecureCerts: false, browserName: chrome, browserVersion: 111.0.5563.147, chrome: {chromedriverVersion: 111.0.5563.64 (c710e93d5b63..., userDataDir: C:\Users\HP\AppData\Local\T...}, goog:chromeOptions: {debuggerAddress: localhost:63714}, networkConnectionEnabled: false, pageLoadStrategy: normal, platformName: WINDOWS, proxy: Proxy(), se:cdp: ws://localhost:63714/devtoo..., se:cdpVersion: 111.0.5563.147, setWindowRect: true, strictFileInteractability: false, timeouts: {implicit: 0, pageLoad: 300000, script: 30000}, unhandledPromptBehavior: dismiss and notify, webauthn:extension:credBlob: true, webauthn:extension:largeBlob: true, webauthn:extension:minPinLength: true, webauthn:extension:prf: true, webauthn:virtualAuthenticators: true}
Session ID: 1f2f5eb2e91c90f10a2f13379b05501a">
      <![CDATA[org.openqa.selenium.StaleElementReferenceException: stale element reference: element is not attached to the page document
  (Session info: chrome=111.0.5563.147)
For documentation on this error, please visit: https://selenium.dev/exceptions/#stale_element_reference
Build info: version: '4.8.1', revision: '8ebccac989'
System info: os.name: 'Windows 10', os.arch: 'amd64', os.version: '10.0', java.version: '19.0.2'
Driver info: org.openqa.selenium.chrome.ChromeDriver
Command: [1f2f5eb2e91c90f10a2f13379b05501a, actions {actions=[org.openqa.selenium.interactions.Sequence@1084ac45]}]
Capabilities {acceptInsecureCerts: false, browserName: chrome, browserVersion: 111.0.5563.147, chrome: {chromedriverVersion: 111.0.5563.64 (c710e93d5b63..., userDataDir: C:\Users\HP\AppData\Local\T...}, goog:chromeOptions: {debuggerAddress: localhost:63714}, networkConnectionEnabled: false, pageLoadStrategy: normal, platformName: WINDOWS, proxy: Proxy(), se:cdp: ws://localhost:63714/devtoo..., se:cdpVersion: 111.0.5563.147, setWindowRect: true, strictFileInteractability: false, timeouts: {implicit: 0, pageLoad: 300000, script: 30000}, unhandledPromptBehavior: dismiss and notify, webauthn:extension:credBlob: true, webauthn:extension:largeBlob: true, webauthn:extension:minPinLength: true, webauthn:extension:prf: true, webauthn:virtualAuthenticators: true}
Session ID: 1f2f5eb2e91c90f10a2f13379b05501a
at org.openqa.selenium.remote.codec.w3c.W3CHttpResponseCodec.createException(W3CHttpResponseCodec.java:200)
at org.openqa.selenium.remote.codec.w3c.W3CHttpResponseCodec.decode(W3CHttpResponseCodec.java:133)
at org.openqa.selenium.remote.codec.w3c.W3CHttpResponseCodec.decode(W3CHttpResponseCodec.java:53)
at org.openqa.selenium.remote.HttpCommandExecutor.execute(HttpCommandExecutor.java:184)
at org.openqa.selenium.remote.service.DriverCommandExecutor.invokeExecute(DriverCommandExecutor.java:167)
at org.openqa.selenium.remote.service.DriverCommandExecutor.execute(DriverCommandExecutor.java:142)
at org.openqa.selenium.remote.RemoteWebDriver.execute(RemoteWebDriver.java:543)
at org.openqa.selenium.remote.RemoteWebDriver.perform(RemoteWebDriver.java:611)
at org.openqa.selenium.interactions.Actions$BuiltAction.perform(Actions.java:567)
at org.openqa.selenium.interactions.Actions.perform(Actions.java:536)
at PageObjects.HotlineHomepage.ClickForYouBlockOfButtons(HotlineHomepage.java:70)
at Tests.PopularForYouBlockTest.Popular(PopularForYouBlockTest.java:14)
at java.base/java.util.ArrayList.forEach(ArrayList.java:1511)
... Removed 32 stack frames]]>
    </failure>
  </testcase> <!-- Popular -->
  <testcase classname="Tests.HotlineRegistrationTest" name="Registration" time="12.365">
    <failure type="org.openqa.selenium.StaleElementReferenceException" message="stale element reference: element is not attached to the page document
  (Session info: chrome=111.0.5563.147)
For documentation on this error, please visit: https://selenium.dev/exceptions/#stale_element_reference
Build info: version: &amp;apos;4.8.1&amp;apos;, revision: &amp;apos;8ebccac989&amp;apos;
System info: os.name: &amp;apos;Windows 10&amp;apos;, os.arch: &amp;apos;amd64&amp;apos;, os.version: &amp;apos;10.0&amp;apos;, java.version: &amp;apos;19.0.2&amp;apos;
Driver info: org.openqa.selenium.chrome.ChromeDriver
Command: [af682c6862aebf4eb6c748aa07fb5876, sendKeysToElement {id=bb57938d-d112-46df-8240-b7a2e9348bc5, value=[Ljava.lang.CharSequence;@27fe059d}]
Capabilities {acceptInsecureCerts: false, browserName: chrome, browserVersion: 111.0.5563.147, chrome: {chromedriverVersion: 111.0.5563.64 (c710e93d5b63..., userDataDir: C:\Users\HP\AppData\Local\T...}, goog:chromeOptions: {debuggerAddress: localhost:63794}, networkConnectionEnabled: false, pageLoadStrategy: normal, platformName: WINDOWS, proxy: Proxy(), se:cdp: ws://localhost:63794/devtoo..., se:cdpVersion: 111.0.5563.147, setWindowRect: true, strictFileInteractability: false, timeouts: {implicit: 0, pageLoad: 300000, script: 30000}, unhandledPromptBehavior: dismiss and notify, webauthn:extension:credBlob: true, webauthn:extension:largeBlob: true, webauthn:extension:minPinLength: true, webauthn:extension:prf: true, webauthn:virtualAuthenticators: true}
Element: [[ChromeDriver: chrome on WINDOWS (af682c6862aebf4eb6c748aa07fb5876)] -&amp;gt; xpath: //*[@id=&amp;apos;passw1&amp;apos;]]
Session ID: af682c6862aebf4eb6c748aa07fb5876">
      <![CDATA[org.openqa.selenium.StaleElementReferenceException: stale element reference: element is not attached to the page document
  (Session info: chrome=111.0.5563.147)
For documentation on this error, please visit: https://selenium.dev/exceptions/#stale_element_reference
Build info: version: '4.8.1', revision: '8ebccac989'
System info: os.name: 'Windows 10', os.arch: 'amd64', os.version: '10.0', java.version: '19.0.2'
Driver info: org.openqa.selenium.chrome.ChromeDriver
Command: [af682c6862aebf4eb6c748aa07fb5876, sendKeysToElement {id=bb57938d-d112-46df-8240-b7a2e9348bc5, value=[Ljava.lang.CharSequence;@27fe059d}]
Capabilities {acceptInsecureCerts: false, browserName: chrome, browserVersion: 111.0.5563.147, chrome: {chromedriverVersion: 111.0.5563.64 (c710e93d5b63..., userDataDir: C:\Users\HP\AppData\Local\T...}, goog:chromeOptions: {debuggerAddress: localhost:63794}, networkConnectionEnabled: false, pageLoadStrategy: normal, platformName: WINDOWS, proxy: Proxy(), se:cdp: ws://localhost:63794/devtoo..., se:cdpVersion: 111.0.5563.147, setWindowRect: true, strictFileInteractability: false, timeouts: {implicit: 0, pageLoad: 300000, script: 30000}, unhandledPromptBehavior: dismiss and notify, webauthn:extension:credBlob: true, webauthn:extension:largeBlob: true, webauthn:extension:minPinLength: true, webauthn:extension:prf: true, webauthn:virtualAuthenticators: true}
Element: [[ChromeDriver: chrome on WINDOWS (af682c6862aebf4eb6c748aa07fb5876)] -> xpath: //*[@id='passw1']]
Session ID: af682c6862aebf4eb6c748aa07fb5876
at org.openqa.selenium.remote.codec.w3c.W3CHttpResponseCodec.createException(W3CHttpResponseCodec.java:200)
at org.openqa.selenium.remote.codec.w3c.W3CHttpResponseCodec.decode(W3CHttpResponseCodec.java:133)
at org.openqa.selenium.remote.codec.w3c.W3CHttpResponseCodec.decode(W3CHttpResponseCodec.java:53)
at org.openqa.selenium.remote.HttpCommandExecutor.execute(HttpCommandExecutor.java:184)
at org.openqa.selenium.remote.service.DriverCommandExecutor.invokeExecute(DriverCommandExecutor.java:167)
at org.openqa.selenium.remote.service.DriverCommandExecutor.execute(DriverCommandExecutor.java:142)
at org.openqa.selenium.remote.RemoteWebDriver.execute(RemoteWebDriver.java:543)
at org.openqa.selenium.remote.RemoteWebElement.execute(RemoteWebElement.java:257)
at org.openqa.selenium.remote.RemoteWebElement.sendKeys(RemoteWebElement.java:113)
at Tests.HotlineRegistrationTest.Registration(HotlineRegistrationTest.java:14)
at java.base/java.util.ArrayList.forEach(ArrayList.java:1511)
... Removed 32 stack frames]]>
    </failure>
  </testcase> <!-- Registration -->
  <testcase classname="Tests.HotlineSearchTest" name="Search" time="13.287"/>
</testsuite> <!-- Oleksii's tests -->
